2021-12-12 20:54:01,947:INFO:PyCaret Supervised Module
2021-12-12 20:54:01,948:INFO:ML Usecase: classification
2021-12-12 20:54:01,948:INFO:version 2.3.5
2021-12-12 20:54:01,948:INFO:Initializing setup()
2021-12-12 20:54:01,948:INFO:setup(target=target_cat, ml_usecase=classification, available_plots={'parameter': 'Hyperparameters', 'auc': 'AUC', 'confusion_matrix': 'Confusion Matrix', 'threshold': 'Threshold', 'pr': 'Precision Recall', 'error': 'Prediction Error', 'class_report': 'Class Report', 'rfe': 'Feature Selection', 'learning': 'Learning Curve', 'manifold': 'Manifold Learning', 'calibration': 'Calibration Curve', 'vc': 'Validation Curve', 'dimension': 'Dimensions', 'feature': 'Feature Importance', 'feature_all': 'Feature Importance (All)', 'boundary': 'Decision Boundary', 'lift': 'Lift Chart', 'gain': 'Gain Chart', 'tree': 'Decision Tree', 'ks': 'KS Statistic Plot'}, train_size=0.6, test_data=None, preprocess=True, imputation_type=simple, iterative_imputation_iters=5, categorical_features=None, categorical_imputation=constant, categorical_iterative_imputer=lightgbm, ordinal_features=None, high_cardinality_features=None, high_cardinality_method=frequency, numeric_features=None, numeric_imputation=mean, numeric_iterative_imputer=lightgbm, date_features=None, ignore_features=None, normalize=False, normalize_method=zscore, transformation=False, transformation_method=yeo-johnson, handle_unknown_categorical=True, unknown_categorical_method=least_frequent, pca=False, pca_method=linear, pca_components=None, ignore_low_variance=False, combine_rare_levels=False, rare_level_threshold=0.1, bin_numeric_features=None, remove_outliers=False, outliers_threshold=0.05, remove_multicollinearity=False, multicollinearity_threshold=0.9, remove_perfect_collinearity=True, create_clusters=False, cluster_iter=20, polynomial_features=False, polynomial_degree=2, trigonometry_features=False, polynomial_threshold=0.1, group_features=None, group_names=None, feature_selection=False, feature_selection_threshold=0.8, feature_selection_method=classic, feature_interaction=False, feature_ratio=False, interaction_threshold=0.01, fix_imbalance=False, fix_imbalance_method=None, transform_target=False, transform_target_method=box-cox, data_split_shuffle=True, data_split_stratify=False, fold_strategy=stratifiedkfold, fold=5, fold_shuffle=False, fold_groups=None, n_jobs=-1, use_gpu=False, custom_pipeline=None, html=True, session_id=123, log_experiment=False, experiment_name=None, log_plots=False, log_profile=False, log_data=False, silent=False, verbose=True, profile=False, profile_kwargs=None, display=None)
2021-12-12 20:54:01,949:INFO:Checking environment
2021-12-12 20:54:01,949:INFO:python_version: 3.8.8
2021-12-12 20:54:01,949:INFO:python_build: ('default', 'Apr 13 2021 15:08:03')
2021-12-12 20:54:01,949:INFO:machine: AMD64
2021-12-12 20:54:01,949:INFO:platform: Windows-10-10.0.19041-SP0
2021-12-12 20:54:01,950:INFO:Memory: svmem(total=8579829760, available=2893717504, percent=66.3, used=5686112256, free=2893717504)
2021-12-12 20:54:01,950:INFO:Physical Core: 4
2021-12-12 20:54:01,950:INFO:Logical Core: 4
2021-12-12 20:54:01,950:INFO:Checking libraries
2021-12-12 20:54:01,950:INFO:pd==1.2.4
2021-12-12 20:54:01,950:INFO:numpy==1.20.1
2021-12-12 20:54:01,950:INFO:sklearn==0.23.2
2021-12-12 20:54:01,950:INFO:lightgbm==3.3.1
2021-12-12 20:54:01,952:WARNING:catboost not found
2021-12-12 20:54:01,954:WARNING:xgboost not found
2021-12-12 20:54:02,655:INFO:mlflow==1.22.0
2021-12-12 20:54:02,655:INFO:Checking Exceptions
2021-12-12 20:54:02,657:INFO:Declaring global variables
2021-12-12 20:54:02,657:INFO:USI: 6ed8
2021-12-12 20:54:02,657:INFO:pycaret_globals: {'USI', 'y_test', 'fold_groups_param', 'fold_groups_param_full', 'html_param', '_all_models_internal', '_available_plots', 'master_model_container', 'fold_param', 'pycaret_globals', 'fix_imbalance_method_param', 'X_train', 'X', 'transform_target_param', 'stratify_param', 'n_jobs_param', 'fix_imbalance_param', 'exp_name_log', '_internal_pipeline', 'prep_pipe', '_all_metrics', 'seed', 'log_plots_param', 'gpu_param', 'display_container', 'fold_shuffle_param', '_ml_usecase', 'transform_target_method_param', '_all_models', 'experiment__', 'data_before_preprocess', 'y', 'target_param', 'fold_generator', 'y_train', 'logging_param', 'imputation_regressor', '_gpu_n_jobs_param', 'imputation_classifier', 'X_test', 'create_model_container', 'iterative_imputation_iters_param'}
2021-12-12 20:54:02,658:INFO:Preparing display monitor
2021-12-12 20:54:02,658:INFO:Preparing display monitor
2021-12-12 20:54:02,678:INFO:Importing libraries
2021-12-12 20:54:02,679:INFO:Copying data for preprocessing
2021-12-12 20:54:03,024:INFO:Declaring preprocessing parameters
2021-12-12 20:54:03,317:INFO:Creating preprocessing pipeline
2021-12-12 20:54:09,553:INFO:Preprocessing pipeline created successfully
2021-12-12 20:54:09,553:ERROR:(Process Exit): setup has been interupted with user command 'quit'. setup must rerun.
2021-12-12 20:54:09,554:INFO:Creating global containers
2021-12-12 20:54:09,559:INFO:Internal pipeline: Pipeline(memory=None, steps=[('empty_step', 'passthrough')], verbose=False)
2021-12-12 21:10:53,903:WARNING:Couldn't import xgboost.XGBClassifier
2021-12-12 21:10:53,906:WARNING:Couldn't import catboost.CatBoostClassifier
2021-12-12 21:10:54,102:WARNING:Couldn't import xgboost.XGBClassifier
2021-12-12 21:10:54,104:WARNING:Couldn't import catboost.CatBoostClassifier
2021-12-12 21:10:54,105:INFO:Creating grid variables
2021-12-12 21:10:54,275:INFO:create_model_container: 0
2021-12-12 21:10:54,275:INFO:master_model_container: 0
2021-12-12 21:10:54,275:INFO:display_container: 1
2021-12-12 21:10:54,284:INFO:Pipeline(memory=None,
         steps=[('dtypes',
                 DataTypes_Auto_infer(categorical_features=[],
                                      display_types=True, features_todrop=[],
                                      id_columns=[],
                                      ml_usecase='classification',
                                      numerical_features=[],
                                      target='target_cat', time_features=[])),
                ('imputer',
                 Simple_Imputer(categorical_strategy='not_available',
                                fill_value_categorical=None,
                                fill_value_numerical=None,
                                numeric_s...
                ('scaling', 'passthrough'), ('P_transform', 'passthrough'),
                ('binn', 'passthrough'), ('rem_outliers', 'passthrough'),
                ('cluster_all', 'passthrough'),
                ('dummy', Dummify(target='target_cat')),
                ('fix_perfect', Remove_100(target='target_cat')),
                ('clean_names', Clean_Colum_Names()),
                ('feature_select', 'passthrough'), ('fix_multi', 'passthrough'),
                ('dfs', 'passthrough'), ('pca', 'passthrough')],
         verbose=False)
2021-12-12 21:10:54,284:INFO:setup() succesfully completed......................................
2021-12-12 21:11:08,913:INFO:Initializing compare_models()
2021-12-12 21:11:08,916:INFO:compare_models(include=None, fold=None, round=4, cross_validation=True, sort=Accuracy, n_select=1, budget_time=None, turbo=True, errors=ignore, fit_kwargs=None, groups=None, probability_threshold=None, verbose=True, display=None, exclude=None)
2021-12-12 21:11:08,916:INFO:Checking exceptions
2021-12-12 21:11:08,917:INFO:Preparing display monitor
2021-12-12 21:11:08,917:INFO:Preparing display monitor
2021-12-12 21:11:08,979:INFO:Initializing Logistic Regression
2021-12-12 21:11:08,979:INFO:Total runtime is 0.0 minutes
2021-12-12 21:11:08,997:INFO:SubProcess create_model() called ==================================
2021-12-12 21:11:08,997:INFO:Initializing create_model()
2021-12-12 21:11:08,998:INFO:create_model(estimator=lr, fold=StratifiedKFold(n_splits=5, random_state=None, shuffle=False), round=4, cross_validation=True, predict=True, fit_kwargs={}, groups=None, refit=False, verbose=False, system=False, metrics=None, add_to_model_list=True, probability_threshold=None, display=<pycaret.internal.Display.Display object at 0x000002406293BEE0>, kwargs={})
2021-12-12 21:11:08,998:INFO:Checking exceptions
2021-12-12 21:11:08,998:INFO:Importing libraries
2021-12-12 21:11:08,999:INFO:Copying training dataset
2021-12-12 21:11:09,010:INFO:Defining folds
2021-12-12 21:11:09,011:INFO:Declaring metric variables
2021-12-12 21:11:09,025:INFO:Importing untrained model
2021-12-12 21:11:09,042:INFO:Logistic Regression Imported succesfully
2021-12-12 21:11:09,071:INFO:Starting cross validation
2021-12-12 21:11:09,074:INFO:Cross validating with StratifiedKFold(n_splits=5, random_state=None, shuffle=False), n_jobs=-1
2021-12-12 21:11:29,168:INFO:Calculating mean and std
2021-12-12 21:11:29,173:INFO:Creating metrics dataframe
2021-12-12 21:11:29,187:INFO:Uploading results into container
2021-12-12 21:11:29,187:INFO:Uploading model into container now
2021-12-12 21:11:29,187:INFO:create_model_container: 1
2021-12-12 21:11:29,187:INFO:master_model_container: 1
2021-12-12 21:11:29,187:INFO:display_container: 2
2021-12-12 21:11:29,188:INFO:LogisticRegression(C=1.0, class_weight=None, dual=False, fit_intercept=True,
                   intercept_scaling=1, l1_ratio=None, max_iter=1000,
                   multi_class='auto', n_jobs=None, penalty='l2',
                   random_state=123, solver='lbfgs', tol=0.0001, verbose=0,
                   warm_start=False)
2021-12-12 21:11:29,188:INFO:create_model() succesfully completed......................................
2021-12-12 21:11:29,455:INFO:SubProcess create_model() end ==================================
2021-12-12 21:11:29,456:INFO:Creating metrics dataframe
2021-12-12 21:11:29,481:INFO:Initializing K Neighbors Classifier
2021-12-12 21:11:29,481:INFO:Total runtime is 0.34170006116231283 minutes
2021-12-12 21:11:29,505:INFO:SubProcess create_model() called ==================================
2021-12-12 21:11:29,506:INFO:Initializing create_model()
2021-12-12 21:11:29,506:INFO:create_model(estimator=knn, fold=StratifiedKFold(n_splits=5, random_state=None, shuffle=False), round=4, cross_validation=True, predict=True, fit_kwargs={}, groups=None, refit=False, verbose=False, system=False, metrics=None, add_to_model_list=True, probability_threshold=None, display=<pycaret.internal.Display.Display object at 0x000002406293BEE0>, kwargs={})
2021-12-12 21:11:29,506:INFO:Checking exceptions
2021-12-12 21:11:29,506:INFO:Importing libraries
2021-12-12 21:11:29,506:INFO:Copying training dataset
2021-12-12 21:11:29,520:INFO:Defining folds
2021-12-12 21:11:29,520:INFO:Declaring metric variables
2021-12-12 21:11:29,534:INFO:Importing untrained model
2021-12-12 21:11:29,547:INFO:K Neighbors Classifier Imported succesfully
2021-12-12 21:11:29,585:INFO:Starting cross validation
2021-12-12 21:11:29,586:INFO:Cross validating with StratifiedKFold(n_splits=5, random_state=None, shuffle=False), n_jobs=-1
2021-12-12 21:11:41,097:INFO:Calculating mean and std
2021-12-12 21:11:41,101:INFO:Creating metrics dataframe
2021-12-12 21:11:41,115:INFO:Uploading results into container
2021-12-12 21:11:41,116:INFO:Uploading model into container now
2021-12-12 21:11:41,116:INFO:create_model_container: 2
2021-12-12 21:11:41,116:INFO:master_model_container: 2
2021-12-12 21:11:41,117:INFO:display_container: 2
2021-12-12 21:11:41,118:INFO:KNeighborsClassifier(algorithm='auto', leaf_size=30, metric='minkowski',
                     metric_params=None, n_jobs=-1, n_neighbors=5, p=2,
                     weights='uniform')
2021-12-12 21:11:41,118:INFO:create_model() succesfully completed......................................
2021-12-12 21:11:41,383:INFO:SubProcess create_model() end ==================================
2021-12-12 21:11:41,383:INFO:Creating metrics dataframe
2021-12-12 21:11:41,413:INFO:Initializing Naive Bayes
2021-12-12 21:11:41,413:INFO:Total runtime is 0.5405671993891398 minutes
2021-12-12 21:11:41,428:INFO:SubProcess create_model() called ==================================
2021-12-12 21:11:41,428:INFO:Initializing create_model()
2021-12-12 21:11:41,429:INFO:create_model(estimator=nb, fold=StratifiedKFold(n_splits=5, random_state=None, shuffle=False), round=4, cross_validation=True, predict=True, fit_kwargs={}, groups=None, refit=False, verbose=False, system=False, metrics=None, add_to_model_list=True, probability_threshold=None, display=<pycaret.internal.Display.Display object at 0x000002406293BEE0>, kwargs={})
2021-12-12 21:11:41,429:INFO:Checking exceptions
2021-12-12 21:11:41,429:INFO:Importing libraries
2021-12-12 21:11:41,429:INFO:Copying training dataset
2021-12-12 21:11:41,440:INFO:Defining folds
2021-12-12 21:11:41,441:INFO:Declaring metric variables
2021-12-12 21:11:41,454:INFO:Importing untrained model
2021-12-12 21:11:41,467:INFO:Naive Bayes Imported succesfully
2021-12-12 21:11:41,494:INFO:Starting cross validation
2021-12-12 21:11:41,495:INFO:Cross validating with StratifiedKFold(n_splits=5, random_state=None, shuffle=False), n_jobs=-1
2021-12-12 21:11:42,610:INFO:Calculating mean and std
2021-12-12 21:11:42,613:INFO:Creating metrics dataframe
2021-12-12 21:11:42,661:INFO:Uploading results into container
2021-12-12 21:11:42,661:INFO:Uploading model into container now
2021-12-12 21:11:42,661:INFO:create_model_container: 3
2021-12-12 21:11:42,661:INFO:master_model_container: 3
2021-12-12 21:11:42,662:INFO:display_container: 2
2021-12-12 21:11:42,662:INFO:GaussianNB(priors=None, var_smoothing=1e-09)
2021-12-12 21:11:42,662:INFO:create_model() succesfully completed......................................
2021-12-12 21:11:42,945:INFO:SubProcess create_model() end ==================================
2021-12-12 21:11:42,945:INFO:Creating metrics dataframe
2021-12-12 21:11:42,975:INFO:Initializing Decision Tree Classifier
2021-12-12 21:11:42,976:INFO:Total runtime is 0.5666169802347819 minutes
2021-12-12 21:11:42,989:INFO:SubProcess create_model() called ==================================
2021-12-12 21:11:42,989:INFO:Initializing create_model()
2021-12-12 21:11:42,990:INFO:create_model(estimator=dt, fold=StratifiedKFold(n_splits=5, random_state=None, shuffle=False), round=4, cross_validation=True, predict=True, fit_kwargs={}, groups=None, refit=False, verbose=False, system=False, metrics=None, add_to_model_list=True, probability_threshold=None, display=<pycaret.internal.Display.Display object at 0x000002406293BEE0>, kwargs={})
2021-12-12 21:11:42,990:INFO:Checking exceptions
2021-12-12 21:11:42,990:INFO:Importing libraries
2021-12-12 21:11:42,991:INFO:Copying training dataset
2021-12-12 21:11:43,005:INFO:Defining folds
2021-12-12 21:11:43,007:INFO:Declaring metric variables
2021-12-12 21:11:43,037:INFO:Importing untrained model
2021-12-12 21:11:43,052:INFO:Decision Tree Classifier Imported succesfully
2021-12-12 21:11:43,087:INFO:Starting cross validation
2021-12-12 21:11:43,088:INFO:Cross validating with StratifiedKFold(n_splits=5, random_state=None, shuffle=False), n_jobs=-1
2021-12-12 21:11:44,902:INFO:Calculating mean and std
2021-12-12 21:11:44,905:INFO:Creating metrics dataframe
2021-12-12 21:11:44,920:INFO:Uploading results into container
2021-12-12 21:11:44,921:INFO:Uploading model into container now
2021-12-12 21:11:44,921:INFO:create_model_container: 4
2021-12-12 21:11:44,921:INFO:master_model_container: 4
2021-12-12 21:11:44,922:INFO:display_container: 2
2021-12-12 21:11:44,923:INFO:DecisionTreeClassifier(ccp_alpha=0.0, class_weight=None, criterion='gini',
                       max_depth=None, max_features=None, max_leaf_nodes=None,
                       min_impurity_decrease=0.0, min_impurity_split=None,
                       min_samples_leaf=1, min_samples_split=2,
                       min_weight_fraction_leaf=0.0, presort='deprecated',
                       random_state=123, splitter='best')
2021-12-12 21:11:44,923:INFO:create_model() succesfully completed......................................
2021-12-12 21:11:45,205:INFO:SubProcess create_model() end ==================================
2021-12-12 21:11:45,205:INFO:Creating metrics dataframe
2021-12-12 21:11:45,235:INFO:Initializing SVM - Linear Kernel
2021-12-12 21:11:45,236:INFO:Total runtime is 0.6042842507362366 minutes
2021-12-12 21:11:45,266:INFO:SubProcess create_model() called ==================================
2021-12-12 21:11:45,266:INFO:Initializing create_model()
2021-12-12 21:11:45,266:INFO:create_model(estimator=svm, fold=StratifiedKFold(n_splits=5, random_state=None, shuffle=False), round=4, cross_validation=True, predict=True, fit_kwargs={}, groups=None, refit=False, verbose=False, system=False, metrics=None, add_to_model_list=True, probability_threshold=None, display=<pycaret.internal.Display.Display object at 0x000002406293BEE0>, kwargs={})
2021-12-12 21:11:45,267:INFO:Checking exceptions
2021-12-12 21:11:45,267:INFO:Importing libraries
2021-12-12 21:11:45,267:INFO:Copying training dataset
2021-12-12 21:11:45,282:INFO:Defining folds
2021-12-12 21:11:45,282:INFO:Declaring metric variables
2021-12-12 21:11:45,296:INFO:Importing untrained model
2021-12-12 21:11:45,312:INFO:SVM - Linear Kernel Imported succesfully
2021-12-12 21:11:45,342:INFO:Starting cross validation
2021-12-12 21:11:45,344:INFO:Cross validating with StratifiedKFold(n_splits=5, random_state=None, shuffle=False), n_jobs=-1
2021-12-12 21:11:46,656:INFO:Calculating mean and std
2021-12-12 21:11:46,660:INFO:Creating metrics dataframe
2021-12-12 21:11:46,674:INFO:Uploading results into container
2021-12-12 21:11:46,675:INFO:Uploading model into container now
2021-12-12 21:11:46,675:INFO:create_model_container: 5
2021-12-12 21:11:46,675:INFO:master_model_container: 5
2021-12-12 21:11:46,675:INFO:display_container: 2
2021-12-12 21:11:46,677:INFO:SGDClassifier(alpha=0.0001, average=False, class_weight=None,
              early_stopping=False, epsilon=0.1, eta0=0.001, fit_intercept=True,
              l1_ratio=0.15, learning_rate='optimal', loss='hinge',
              max_iter=1000, n_iter_no_change=5, n_jobs=-1, penalty='l2',
              power_t=0.5, random_state=123, shuffle=True, tol=0.001,
              validation_fraction=0.1, verbose=0, warm_start=False)
2021-12-12 21:11:46,677:INFO:create_model() succesfully completed......................................
2021-12-12 21:11:46,942:INFO:SubProcess create_model() end ==================================
2021-12-12 21:11:46,943:INFO:Creating metrics dataframe
2021-12-12 21:11:46,975:INFO:Initializing Ridge Classifier
2021-12-12 21:11:46,976:INFO:Total runtime is 0.6332833369572958 minutes
2021-12-12 21:11:46,990:INFO:SubProcess create_model() called ==================================
2021-12-12 21:11:46,991:INFO:Initializing create_model()
2021-12-12 21:11:46,991:INFO:create_model(estimator=ridge, fold=StratifiedKFold(n_splits=5, random_state=None, shuffle=False), round=4, cross_validation=True, predict=True, fit_kwargs={}, groups=None, refit=False, verbose=False, system=False, metrics=None, add_to_model_list=True, probability_threshold=None, display=<pycaret.internal.Display.Display object at 0x000002406293BEE0>, kwargs={})
2021-12-12 21:11:46,991:INFO:Checking exceptions
2021-12-12 21:11:46,991:INFO:Importing libraries
2021-12-12 21:11:46,991:INFO:Copying training dataset
2021-12-12 21:11:47,003:INFO:Defining folds
2021-12-12 21:11:47,003:INFO:Declaring metric variables
2021-12-12 21:11:47,034:INFO:Importing untrained model
2021-12-12 21:11:47,053:INFO:Ridge Classifier Imported succesfully
2021-12-12 21:11:47,102:INFO:Starting cross validation
2021-12-12 21:11:47,103:INFO:Cross validating with StratifiedKFold(n_splits=5, random_state=None, shuffle=False), n_jobs=-1
2021-12-12 21:11:48,785:INFO:Calculating mean and std
2021-12-12 21:11:48,787:INFO:Creating metrics dataframe
2021-12-12 21:11:48,799:INFO:Uploading results into container
2021-12-12 21:11:48,801:INFO:Uploading model into container now
2021-12-12 21:11:48,802:INFO:create_model_container: 6
2021-12-12 21:11:48,803:INFO:master_model_container: 6
2021-12-12 21:11:48,803:INFO:display_container: 2
2021-12-12 21:11:48,805:INFO:RidgeClassifier(alpha=1.0, class_weight=None, copy_X=True, fit_intercept=True,
                max_iter=None, normalize=False, random_state=123, solver='auto',
                tol=0.001)
2021-12-12 21:11:48,805:INFO:create_model() succesfully completed......................................
2021-12-12 21:11:49,200:INFO:SubProcess create_model() end ==================================
2021-12-12 21:11:49,201:INFO:Creating metrics dataframe
2021-12-12 21:11:49,242:INFO:Initializing Random Forest Classifier
2021-12-12 21:11:49,242:INFO:Total runtime is 0.671049992243449 minutes
2021-12-12 21:11:49,265:INFO:SubProcess create_model() called ==================================
2021-12-12 21:11:49,267:INFO:Initializing create_model()
2021-12-12 21:11:49,267:INFO:create_model(estimator=rf, fold=StratifiedKFold(n_splits=5, random_state=None, shuffle=False), round=4, cross_validation=True, predict=True, fit_kwargs={}, groups=None, refit=False, verbose=False, system=False, metrics=None, add_to_model_list=True, probability_threshold=None, display=<pycaret.internal.Display.Display object at 0x000002406293BEE0>, kwargs={})
2021-12-12 21:11:49,267:INFO:Checking exceptions
2021-12-12 21:11:49,268:INFO:Importing libraries
2021-12-12 21:11:49,268:INFO:Copying training dataset
2021-12-12 21:11:49,282:INFO:Defining folds
2021-12-12 21:11:49,283:INFO:Declaring metric variables
2021-12-12 21:11:49,298:INFO:Importing untrained model
2021-12-12 21:11:49,316:INFO:Random Forest Classifier Imported succesfully
2021-12-12 21:11:49,361:INFO:Starting cross validation
2021-12-12 21:11:49,362:INFO:Cross validating with StratifiedKFold(n_splits=5, random_state=None, shuffle=False), n_jobs=-1
2021-12-12 21:11:56,499:INFO:Calculating mean and std
2021-12-12 21:11:56,501:INFO:Creating metrics dataframe
2021-12-12 21:11:56,509:INFO:Uploading results into container
2021-12-12 21:11:56,509:INFO:Uploading model into container now
2021-12-12 21:11:56,510:INFO:create_model_container: 7
2021-12-12 21:11:56,510:INFO:master_model_container: 7
2021-12-12 21:11:56,510:INFO:display_container: 2
2021-12-12 21:11:56,511:INFO:RandomForestClassifier(bootstrap=True, ccp_alpha=0.0, class_weight=None,
                       criterion='gini', max_depth=None, max_features='auto',
                       max_leaf_nodes=None, max_samples=None,
                       min_impurity_decrease=0.0, min_impurity_split=None,
                       min_samples_leaf=1, min_samples_split=2,
                       min_weight_fraction_leaf=0.0, n_estimators=100,
                       n_jobs=-1, oob_score=False, random_state=123, verbose=0,
                       warm_start=False)
2021-12-12 21:11:56,511:INFO:create_model() succesfully completed......................................
2021-12-12 21:11:56,856:INFO:SubProcess create_model() end ==================================
2021-12-12 21:11:56,857:INFO:Creating metrics dataframe
2021-12-12 21:11:56,894:INFO:Initializing Quadratic Discriminant Analysis
2021-12-12 21:11:56,894:INFO:Total runtime is 0.7985833128293356 minutes
2021-12-12 21:11:56,907:INFO:SubProcess create_model() called ==================================
2021-12-12 21:11:56,908:INFO:Initializing create_model()
2021-12-12 21:11:56,908:INFO:create_model(estimator=qda, fold=StratifiedKFold(n_splits=5, random_state=None, shuffle=False), round=4, cross_validation=True, predict=True, fit_kwargs={}, groups=None, refit=False, verbose=False, system=False, metrics=None, add_to_model_list=True, probability_threshold=None, display=<pycaret.internal.Display.Display object at 0x000002406293BEE0>, kwargs={})
2021-12-12 21:11:56,909:INFO:Checking exceptions
2021-12-12 21:11:56,909:INFO:Importing libraries
2021-12-12 21:11:56,909:INFO:Copying training dataset
2021-12-12 21:11:56,921:INFO:Defining folds
2021-12-12 21:11:56,921:INFO:Declaring metric variables
2021-12-12 21:11:56,937:INFO:Importing untrained model
2021-12-12 21:11:56,952:INFO:Quadratic Discriminant Analysis Imported succesfully
2021-12-12 21:11:56,980:INFO:Starting cross validation
2021-12-12 21:11:56,981:INFO:Cross validating with StratifiedKFold(n_splits=5, random_state=None, shuffle=False), n_jobs=-1
2021-12-12 21:12:05,929:INFO:Calculating mean and std
2021-12-12 21:12:05,932:INFO:Creating metrics dataframe
2021-12-12 21:12:05,948:INFO:Uploading results into container
2021-12-12 21:12:05,948:INFO:Uploading model into container now
2021-12-12 21:12:05,948:INFO:create_model_container: 8
2021-12-12 21:12:05,949:INFO:master_model_container: 8
2021-12-12 21:12:05,949:INFO:display_container: 2
2021-12-12 21:12:05,950:INFO:QuadraticDiscriminantAnalysis(priors=None, reg_param=0.0,
                              store_covariance=False, tol=0.0001)
2021-12-12 21:12:05,950:INFO:create_model() succesfully completed......................................
2021-12-12 21:12:06,234:INFO:SubProcess create_model() end ==================================
2021-12-12 21:12:06,235:INFO:Creating metrics dataframe
2021-12-12 21:12:06,270:INFO:Initializing Ada Boost Classifier
2021-12-12 21:12:06,270:INFO:Total runtime is 0.9548500061035157 minutes
2021-12-12 21:12:06,283:INFO:SubProcess create_model() called ==================================
2021-12-12 21:12:06,284:INFO:Initializing create_model()
2021-12-12 21:12:06,284:INFO:create_model(estimator=ada, fold=StratifiedKFold(n_splits=5, random_state=None, shuffle=False), round=4, cross_validation=True, predict=True, fit_kwargs={}, groups=None, refit=False, verbose=False, system=False, metrics=None, add_to_model_list=True, probability_threshold=None, display=<pycaret.internal.Display.Display object at 0x000002406293BEE0>, kwargs={})
2021-12-12 21:12:06,284:INFO:Checking exceptions
2021-12-12 21:12:06,284:INFO:Importing libraries
2021-12-12 21:12:06,284:INFO:Copying training dataset
2021-12-12 21:12:06,295:INFO:Defining folds
2021-12-12 21:12:06,295:INFO:Declaring metric variables
2021-12-12 21:12:06,307:INFO:Importing untrained model
2021-12-12 21:12:06,320:INFO:Ada Boost Classifier Imported succesfully
2021-12-12 21:12:06,346:INFO:Starting cross validation
2021-12-12 21:12:06,347:INFO:Cross validating with StratifiedKFold(n_splits=5, random_state=None, shuffle=False), n_jobs=-1
2021-12-12 21:12:12,104:INFO:Calculating mean and std
2021-12-12 21:12:12,107:INFO:Creating metrics dataframe
2021-12-12 21:12:12,122:INFO:Uploading results into container
2021-12-12 21:12:12,123:INFO:Uploading model into container now
2021-12-12 21:12:12,123:INFO:create_model_container: 9
2021-12-12 21:12:12,124:INFO:master_model_container: 9
2021-12-12 21:12:12,124:INFO:display_container: 2
2021-12-12 21:12:12,125:INFO:AdaBoostClassifier(algorithm='SAMME.R', base_estimator=None, learning_rate=1.0,
                   n_estimators=50, random_state=123)
2021-12-12 21:12:12,125:INFO:create_model() succesfully completed......................................
2021-12-12 21:12:12,399:INFO:SubProcess create_model() end ==================================
2021-12-12 21:12:12,399:INFO:Creating metrics dataframe
2021-12-12 21:12:12,435:INFO:Initializing Gradient Boosting Classifier
2021-12-12 21:12:12,435:INFO:Total runtime is 1.0576005895932516 minutes
2021-12-12 21:12:12,449:INFO:SubProcess create_model() called ==================================
2021-12-12 21:12:12,449:INFO:Initializing create_model()
2021-12-12 21:12:12,450:INFO:create_model(estimator=gbc, fold=StratifiedKFold(n_splits=5, random_state=None, shuffle=False), round=4, cross_validation=True, predict=True, fit_kwargs={}, groups=None, refit=False, verbose=False, system=False, metrics=None, add_to_model_list=True, probability_threshold=None, display=<pycaret.internal.Display.Display object at 0x000002406293BEE0>, kwargs={})
2021-12-12 21:12:12,450:INFO:Checking exceptions
2021-12-12 21:12:12,450:INFO:Importing libraries
2021-12-12 21:12:12,450:INFO:Copying training dataset
2021-12-12 21:12:12,460:INFO:Defining folds
2021-12-12 21:12:12,461:INFO:Declaring metric variables
2021-12-12 21:12:12,473:INFO:Importing untrained model
2021-12-12 21:12:12,485:INFO:Gradient Boosting Classifier Imported succesfully
2021-12-12 21:12:12,511:INFO:Starting cross validation
2021-12-12 21:12:12,512:INFO:Cross validating with StratifiedKFold(n_splits=5, random_state=None, shuffle=False), n_jobs=-1
2021-12-12 21:12:24,629:INFO:Calculating mean and std
2021-12-12 21:12:24,632:INFO:Creating metrics dataframe
2021-12-12 21:12:24,648:INFO:Uploading results into container
2021-12-12 21:12:24,648:INFO:Uploading model into container now
2021-12-12 21:12:24,649:INFO:create_model_container: 10
2021-12-12 21:12:24,649:INFO:master_model_container: 10
2021-12-12 21:12:24,649:INFO:display_container: 2
2021-12-12 21:12:24,652:INFO:GradientBoostingClassifier(ccp_alpha=0.0, criterion='friedman_mse', init=None,
                           learning_rate=0.1, loss='deviance', max_depth=3,
                           max_features=None, max_leaf_nodes=None,
                           min_impurity_decrease=0.0, min_impurity_split=None,
                           min_samples_leaf=1, min_samples_split=2,
                           min_weight_fraction_leaf=0.0, n_estimators=100,
                           n_iter_no_change=None, presort='deprecated',
                           random_state=123, subsample=1.0, tol=0.0001,
                           validation_fraction=0.1, verbose=0,
                           warm_start=False)
2021-12-12 21:12:24,652:INFO:create_model() succesfully completed......................................
2021-12-12 21:12:24,914:INFO:SubProcess create_model() end ==================================
2021-12-12 21:12:24,914:INFO:Creating metrics dataframe
2021-12-12 21:12:24,951:INFO:Initializing Linear Discriminant Analysis
2021-12-12 21:12:24,951:INFO:Total runtime is 1.2662006417910259 minutes
2021-12-12 21:12:24,965:INFO:SubProcess create_model() called ==================================
2021-12-12 21:12:24,966:INFO:Initializing create_model()
2021-12-12 21:12:24,966:INFO:create_model(estimator=lda, fold=StratifiedKFold(n_splits=5, random_state=None, shuffle=False), round=4, cross_validation=True, predict=True, fit_kwargs={}, groups=None, refit=False, verbose=False, system=False, metrics=None, add_to_model_list=True, probability_threshold=None, display=<pycaret.internal.Display.Display object at 0x000002406293BEE0>, kwargs={})
2021-12-12 21:12:24,966:INFO:Checking exceptions
2021-12-12 21:12:24,967:INFO:Importing libraries
2021-12-12 21:12:24,967:INFO:Copying training dataset
2021-12-12 21:12:24,978:INFO:Defining folds
2021-12-12 21:12:24,978:INFO:Declaring metric variables
2021-12-12 21:12:24,992:INFO:Importing untrained model
2021-12-12 21:12:25,005:INFO:Linear Discriminant Analysis Imported succesfully
2021-12-12 21:12:25,031:INFO:Starting cross validation
2021-12-12 21:12:25,031:INFO:Cross validating with StratifiedKFold(n_splits=5, random_state=None, shuffle=False), n_jobs=-1
2021-12-12 21:12:43,698:INFO:Calculating mean and std
2021-12-12 21:12:43,701:INFO:Creating metrics dataframe
2021-12-12 21:12:43,717:INFO:Uploading results into container
2021-12-12 21:12:43,718:INFO:Uploading model into container now
2021-12-12 21:12:43,718:INFO:create_model_container: 11
2021-12-12 21:12:43,718:INFO:master_model_container: 11
2021-12-12 21:12:43,719:INFO:display_container: 2
2021-12-12 21:12:43,720:INFO:LinearDiscriminantAnalysis(n_components=None, priors=None, shrinkage=None,
                           solver='svd', store_covariance=False, tol=0.0001)
2021-12-12 21:12:43,721:INFO:create_model() succesfully completed......................................
2021-12-12 21:12:44,010:INFO:SubProcess create_model() end ==================================
2021-12-12 21:12:44,010:INFO:Creating metrics dataframe
2021-12-12 21:12:44,049:INFO:Initializing Extra Trees Classifier
2021-12-12 21:12:44,049:INFO:Total runtime is 1.5845003644625346 minutes
2021-12-12 21:12:44,063:INFO:SubProcess create_model() called ==================================
2021-12-12 21:12:44,063:INFO:Initializing create_model()
2021-12-12 21:12:44,063:INFO:create_model(estimator=et, fold=StratifiedKFold(n_splits=5, random_state=None, shuffle=False), round=4, cross_validation=True, predict=True, fit_kwargs={}, groups=None, refit=False, verbose=False, system=False, metrics=None, add_to_model_list=True, probability_threshold=None, display=<pycaret.internal.Display.Display object at 0x000002406293BEE0>, kwargs={})
2021-12-12 21:12:44,064:INFO:Checking exceptions
2021-12-12 21:12:44,064:INFO:Importing libraries
2021-12-12 21:12:44,064:INFO:Copying training dataset
2021-12-12 21:12:44,078:INFO:Defining folds
2021-12-12 21:12:44,078:INFO:Declaring metric variables
2021-12-12 21:12:44,091:INFO:Importing untrained model
2021-12-12 21:12:44,104:INFO:Extra Trees Classifier Imported succesfully
2021-12-12 21:12:44,130:INFO:Starting cross validation
2021-12-12 21:12:44,131:INFO:Cross validating with StratifiedKFold(n_splits=5, random_state=None, shuffle=False), n_jobs=-1
2021-12-12 21:12:49,270:INFO:Calculating mean and std
2021-12-12 21:12:49,273:INFO:Creating metrics dataframe
2021-12-12 21:12:49,290:INFO:Uploading results into container
2021-12-12 21:12:49,290:INFO:Uploading model into container now
2021-12-12 21:12:49,291:INFO:create_model_container: 12
2021-12-12 21:12:49,291:INFO:master_model_container: 12
2021-12-12 21:12:49,291:INFO:display_container: 2
2021-12-12 21:12:49,293:INFO:ExtraTreesClassifier(bootstrap=False, ccp_alpha=0.0, class_weight=None,
                     criterion='gini', max_depth=None, max_features='auto',
                     max_leaf_nodes=None, max_samples=None,
                     min_impurity_decrease=0.0, min_impurity_split=None,
                     min_samples_leaf=1, min_samples_split=2,
                     min_weight_fraction_leaf=0.0, n_estimators=100, n_jobs=-1,
                     oob_score=False, random_state=123, verbose=0,
                     warm_start=False)
2021-12-12 21:12:49,293:INFO:create_model() succesfully completed......................................
2021-12-12 21:12:49,564:INFO:SubProcess create_model() end ==================================
2021-12-12 21:12:49,565:INFO:Creating metrics dataframe
2021-12-12 21:12:49,603:INFO:Initializing Light Gradient Boosting Machine
2021-12-12 21:12:49,603:INFO:Total runtime is 1.6770671566327413 minutes
2021-12-12 21:12:49,616:INFO:SubProcess create_model() called ==================================
2021-12-12 21:12:49,617:INFO:Initializing create_model()
2021-12-12 21:12:49,617:INFO:create_model(estimator=lightgbm, fold=StratifiedKFold(n_splits=5, random_state=None, shuffle=False), round=4, cross_validation=True, predict=True, fit_kwargs={}, groups=None, refit=False, verbose=False, system=False, metrics=None, add_to_model_list=True, probability_threshold=None, display=<pycaret.internal.Display.Display object at 0x000002406293BEE0>, kwargs={})
2021-12-12 21:12:49,617:INFO:Checking exceptions
2021-12-12 21:12:49,617:INFO:Importing libraries
2021-12-12 21:12:49,617:INFO:Copying training dataset
2021-12-12 21:12:49,627:INFO:Defining folds
2021-12-12 21:12:49,627:INFO:Declaring metric variables
2021-12-12 21:12:49,640:INFO:Importing untrained model
2021-12-12 21:12:49,653:INFO:Light Gradient Boosting Machine Imported succesfully
2021-12-12 21:12:49,678:INFO:Starting cross validation
2021-12-12 21:12:49,679:INFO:Cross validating with StratifiedKFold(n_splits=5, random_state=None, shuffle=False), n_jobs=-1
2021-12-12 21:12:53,186:INFO:Calculating mean and std
2021-12-12 21:12:53,187:INFO:Creating metrics dataframe
2021-12-12 21:12:53,194:INFO:Uploading results into container
2021-12-12 21:12:53,194:INFO:Uploading model into container now
2021-12-12 21:12:53,195:INFO:create_model_container: 13
2021-12-12 21:12:53,195:INFO:master_model_container: 13
2021-12-12 21:12:53,195:INFO:display_container: 2
2021-12-12 21:12:53,196:INFO:LGBMClassifier(boosting_type='gbdt', class_weight=None, colsample_bytree=1.0,
               importance_type='split', learning_rate=0.1, max_depth=-1,
               min_child_samples=20, min_child_weight=0.001, min_split_gain=0.0,
               n_estimators=100, n_jobs=-1, num_leaves=31, objective=None,
               random_state=123, reg_alpha=0.0, reg_lambda=0.0, silent='warn',
               subsample=1.0, subsample_for_bin=200000, subsample_freq=0)
2021-12-12 21:12:53,196:INFO:create_model() succesfully completed......................................
2021-12-12 21:12:53,477:INFO:SubProcess create_model() end ==================================
2021-12-12 21:12:53,477:INFO:Creating metrics dataframe
2021-12-12 21:12:53,518:INFO:Initializing Dummy Classifier
2021-12-12 21:12:53,518:INFO:Total runtime is 1.7423171838124594 minutes
2021-12-12 21:12:53,531:INFO:SubProcess create_model() called ==================================
2021-12-12 21:12:53,532:INFO:Initializing create_model()
2021-12-12 21:12:53,533:INFO:create_model(estimator=dummy, fold=StratifiedKFold(n_splits=5, random_state=None, shuffle=False), round=4, cross_validation=True, predict=True, fit_kwargs={}, groups=None, refit=False, verbose=False, system=False, metrics=None, add_to_model_list=True, probability_threshold=None, display=<pycaret.internal.Display.Display object at 0x000002406293BEE0>, kwargs={})
2021-12-12 21:12:53,533:INFO:Checking exceptions
2021-12-12 21:12:53,533:INFO:Importing libraries
2021-12-12 21:12:53,533:INFO:Copying training dataset
2021-12-12 21:12:53,542:INFO:Defining folds
2021-12-12 21:12:53,543:INFO:Declaring metric variables
2021-12-12 21:12:53,555:INFO:Importing untrained model
2021-12-12 21:12:53,568:INFO:Dummy Classifier Imported succesfully
2021-12-12 21:12:53,597:INFO:Starting cross validation
2021-12-12 21:12:53,598:INFO:Cross validating with StratifiedKFold(n_splits=5, random_state=None, shuffle=False), n_jobs=-1
2021-12-12 21:12:54,109:INFO:Calculating mean and std
2021-12-12 21:12:54,112:INFO:Creating metrics dataframe
2021-12-12 21:12:54,129:INFO:Uploading results into container
2021-12-12 21:12:54,130:INFO:Uploading model into container now
2021-12-12 21:12:54,130:INFO:create_model_container: 14
2021-12-12 21:12:54,131:INFO:master_model_container: 14
2021-12-12 21:12:54,131:INFO:display_container: 2
2021-12-12 21:12:54,131:INFO:DummyClassifier(constant=None, random_state=123, strategy='prior')
2021-12-12 21:12:54,132:INFO:create_model() succesfully completed......................................
2021-12-12 21:12:54,454:INFO:SubProcess create_model() end ==================================
2021-12-12 21:12:54,454:INFO:Creating metrics dataframe
2021-12-12 21:12:54,525:INFO:Initializing create_model()
2021-12-12 21:12:54,526:INFO:create_model(estimator=LogisticRegression(C=1.0, class_weight=None, dual=False, fit_intercept=True,
                   intercept_scaling=1, l1_ratio=None, max_iter=1000,
                   multi_class='auto', n_jobs=None, penalty='l2',
                   random_state=123, solver='lbfgs', tol=0.0001, verbose=0,
                   warm_start=False), fold=StratifiedKFold(n_splits=5, random_state=None, shuffle=False), round=4, cross_validation=False, predict=False, fit_kwargs={}, groups=None, refit=True, verbose=False, system=False, metrics=None, add_to_model_list=True, probability_threshold=None, display=None, kwargs={})
2021-12-12 21:12:54,526:INFO:Checking exceptions
2021-12-12 21:12:54,526:INFO:Importing libraries
2021-12-12 21:12:54,526:INFO:Copying training dataset
2021-12-12 21:12:54,535:INFO:Defining folds
2021-12-12 21:12:54,535:INFO:Declaring metric variables
2021-12-12 21:12:54,536:INFO:Importing untrained model
2021-12-12 21:12:54,536:INFO:Declaring custom model
2021-12-12 21:12:54,537:INFO:Logistic Regression Imported succesfully
2021-12-12 21:12:54,537:INFO:Cross validation set to False
2021-12-12 21:12:54,537:INFO:Fitting Model
2021-12-12 21:12:57,464:INFO:LogisticRegression(C=1.0, class_weight=None, dual=False, fit_intercept=True,
                   intercept_scaling=1, l1_ratio=None, max_iter=1000,
                   multi_class='auto', n_jobs=None, penalty='l2',
                   random_state=123, solver='lbfgs', tol=0.0001, verbose=0,
                   warm_start=False)
2021-12-12 21:12:57,464:INFO:create_models() succesfully completed......................................
2021-12-12 21:12:57,823:INFO:create_model_container: 14
2021-12-12 21:12:57,824:INFO:master_model_container: 14
2021-12-12 21:12:57,824:INFO:display_container: 2
2021-12-12 21:12:57,825:INFO:LogisticRegression(C=1.0, class_weight=None, dual=False, fit_intercept=True,
                   intercept_scaling=1, l1_ratio=None, max_iter=1000,
                   multi_class='auto', n_jobs=None, penalty='l2',
                   random_state=123, solver='lbfgs', tol=0.0001, verbose=0,
                   warm_start=False)
2021-12-12 21:12:57,825:INFO:compare_models() succesfully completed......................................
2021-12-12 21:14:31,996:INFO:Initializing create_model()
2021-12-12 21:14:31,996:INFO:create_model(estimator=ridge, fold=None, round=4, cross_validation=True, predict=True, fit_kwargs=None, groups=None, refit=True, verbose=True, system=True, metrics=None, add_to_model_list=True, probability_threshold=None, display=None, kwargs={})
2021-12-12 21:14:31,996:INFO:Checking exceptions
2021-12-12 21:14:31,996:INFO:Preparing display monitor
2021-12-12 21:14:32,026:INFO:Importing libraries
2021-12-12 21:14:32,026:INFO:Copying training dataset
2021-12-12 21:14:32,043:INFO:Defining folds
2021-12-12 21:14:32,046:INFO:Declaring metric variables
2021-12-12 21:14:32,065:INFO:Importing untrained model
2021-12-12 21:14:32,080:INFO:Ridge Classifier Imported succesfully
2021-12-12 21:14:32,110:INFO:Starting cross validation
2021-12-12 21:14:32,111:INFO:Cross validating with StratifiedKFold(n_splits=5, random_state=None, shuffle=False), n_jobs=-1
2021-12-12 21:14:33,616:INFO:Calculating mean and std
2021-12-12 21:14:33,617:INFO:Creating metrics dataframe
2021-12-12 21:14:33,636:INFO:Finalizing model
2021-12-12 21:14:34,132:INFO:Uploading results into container
2021-12-12 21:14:34,132:INFO:Uploading model into container now
2021-12-12 21:14:34,170:INFO:create_model_container: 15
2021-12-12 21:14:34,175:INFO:master_model_container: 15
2021-12-12 21:14:34,182:INFO:display_container: 3
2021-12-12 21:14:34,188:INFO:RidgeClassifier(alpha=1.0, class_weight=None, copy_X=True, fit_intercept=True,
                max_iter=None, normalize=False, random_state=123, solver='auto',
                tol=0.001)
2021-12-12 21:14:34,189:INFO:create_model() succesfully completed......................................
2021-12-12 21:14:34,516:INFO:Initializing plot_model()
2021-12-12 21:14:34,516:INFO:plot_model(fold=None, use_train_data=False, verbose=True, is_in_evaluate=False, display=None, display_format=None, estimator=RidgeClassifier(alpha=1.0, class_weight=None, copy_X=True, fit_intercept=True,
                max_iter=None, normalize=False, random_state=123, solver='auto',
                tol=0.001), feature_name=None, fit_kwargs=None, groups=None, label=False, plot=confusion_matrix, save=False, scale=1, system=True)
2021-12-12 21:14:34,516:INFO:Checking exceptions
2021-12-12 21:14:34,517:INFO:Preparing display monitor
2021-12-12 21:14:34,531:INFO:Preloading libraries
2021-12-12 21:14:34,533:INFO:Copying training dataset
2021-12-12 21:14:34,545:INFO:Copying test dataset
2021-12-12 21:14:34,558:INFO:Plot type: confusion_matrix
2021-12-12 21:14:34,561:INFO:Fitting Model
2021-12-12 21:14:34,563:INFO:Scoring test/hold-out set
2021-12-12 21:14:35,244:INFO:Visual Rendered Successfully
2021-12-12 21:14:35,538:INFO:plot_model() succesfully completed......................................
2021-12-13 10:28:15,676:INFO:Initializing finalize_model()
2021-12-13 10:28:15,679:INFO:finalize_model(estimator=RidgeClassifier(alpha=1.0, class_weight=None, copy_X=True, fit_intercept=True,
                max_iter=None, normalize=False, random_state=123, solver='auto',
                tol=0.001), fit_kwargs=None, groups=None, model_only=True, display=None)
2021-12-13 10:28:15,683:INFO:Finalizing RidgeClassifier(alpha=1.0, class_weight=None, copy_X=True, fit_intercept=True,
                max_iter=None, normalize=False, random_state=123, solver='auto',
                tol=0.001)
2021-12-13 10:28:15,686:INFO:Initializing create_model()
2021-12-13 10:28:15,687:INFO:create_model(estimator=RidgeClassifier(alpha=1.0, class_weight=None, copy_X=True, fit_intercept=True,
                max_iter=None, normalize=False, random_state=123, solver='auto',
                tol=0.001), fold=None, round=4, cross_validation=True, predict=True, fit_kwargs={}, groups=None, refit=True, verbose=False, system=False, metrics=None, add_to_model_list=False, probability_threshold=None, display=None, kwargs={})
2021-12-13 10:28:15,687:INFO:Checking exceptions
2021-12-13 10:28:15,689:INFO:Importing libraries
2021-12-13 10:28:15,689:INFO:Copying training dataset
2021-12-13 10:28:15,845:INFO:Defining folds
2021-12-13 10:28:15,845:INFO:Declaring metric variables
2021-12-13 10:28:15,845:INFO:Importing untrained model
2021-12-13 10:28:15,845:INFO:Declaring custom model
2021-12-13 10:28:15,850:INFO:Ridge Classifier Imported succesfully
2021-12-13 10:28:15,852:INFO:Starting cross validation
2021-12-13 10:28:15,858:INFO:Cross validating with StratifiedKFold(n_splits=5, random_state=None, shuffle=False), n_jobs=-1
2021-12-13 10:28:29,163:INFO:Calculating mean and std
2021-12-13 10:28:29,166:INFO:Creating metrics dataframe
2021-12-13 10:28:29,197:INFO:Finalizing model
2021-12-13 10:28:30,039:INFO:create_model_container: 15
2021-12-13 10:28:30,039:INFO:master_model_container: 15
2021-12-13 10:28:30,039:INFO:display_container: 4
2021-12-13 10:28:30,040:INFO:RidgeClassifier(alpha=1.0, class_weight=None, copy_X=True, fit_intercept=True,
                max_iter=None, normalize=False, random_state=123, solver='auto',
                tol=0.001)
2021-12-13 10:28:30,040:INFO:create_model() succesfully completed......................................
2021-12-13 10:28:30,823:INFO:create_model_container: 15
2021-12-13 10:28:30,823:INFO:master_model_container: 15
2021-12-13 10:28:30,823:INFO:display_container: 3
2021-12-13 10:28:30,824:INFO:RidgeClassifier(alpha=1.0, class_weight=None, copy_X=True, fit_intercept=True,
                max_iter=None, normalize=False, random_state=123, solver='auto',
                tol=0.001)
2021-12-13 10:28:30,824:INFO:finalize_model() succesfully completed......................................
2021-12-13 10:28:40,345:INFO:Initializing predict_model()
2021-12-13 10:28:40,345:INFO:predict_model(estimator=RidgeClassifier(alpha=1.0, class_weight=None, copy_X=True, fit_intercept=True,
                max_iter=None, normalize=False, random_state=123, solver='auto',
                tol=0.001), probability_threshold=None, encoded_labels=False, raw_score=False, round=4, verbose=True, ml_usecase=MLUsecase.CLASSIFICATION, display=None)
2021-12-13 10:28:40,346:INFO:Checking exceptions
2021-12-13 10:28:40,346:INFO:Preloading libraries
2021-12-13 10:28:40,346:INFO:Preparing display monitor
2021-12-13 10:49:49,289:INFO:Initializing predict_model()
2021-12-13 10:49:49,289:INFO:predict_model(estimator=RidgeClassifier(alpha=1.0, class_weight=None, copy_X=True, fit_intercept=True,
                max_iter=None, normalize=False, random_state=123, solver='auto',
                tol=0.001), probability_threshold=None, encoded_labels=False, raw_score=False, round=4, verbose=True, ml_usecase=MLUsecase.CLASSIFICATION, display=None)
2021-12-13 10:49:49,290:INFO:Checking exceptions
2021-12-13 10:49:49,290:INFO:Preloading libraries
2021-12-13 10:49:49,290:INFO:Preparing display monitor
2021-12-13 10:50:41,986:INFO:Initializing predict_model()
2021-12-13 10:50:41,986:INFO:predict_model(estimator=RidgeClassifier(alpha=1.0, class_weight=None, copy_X=True, fit_intercept=True,
                max_iter=None, normalize=False, random_state=123, solver='auto',
                tol=0.001), probability_threshold=None, encoded_labels=False, raw_score=False, round=4, verbose=True, ml_usecase=MLUsecase.CLASSIFICATION, display=None)
2021-12-13 10:50:41,986:INFO:Checking exceptions
2021-12-13 10:50:41,986:INFO:Preloading libraries
2021-12-13 10:50:41,986:INFO:Preparing display monitor
2021-12-13 22:03:17,358:INFO:Initializing predict_model()
2021-12-13 22:03:17,359:INFO:predict_model(estimator=RidgeClassifier(alpha=1.0, class_weight=None, copy_X=True, fit_intercept=True,
                max_iter=None, normalize=False, random_state=123, solver='auto',
                tol=0.001), probability_threshold=None, encoded_labels=False, raw_score=False, round=4, verbose=True, ml_usecase=MLUsecase.CLASSIFICATION, display=None)
2021-12-13 22:03:17,359:INFO:Checking exceptions
2021-12-13 22:03:17,360:INFO:Preloading libraries
2021-12-13 22:03:17,361:INFO:Preparing display monitor
2021-12-13 22:04:36,929:INFO:Initializing predict_model()
2021-12-13 22:04:36,929:INFO:predict_model(estimator=RidgeClassifier(alpha=1.0, class_weight=None, copy_X=True, fit_intercept=True,
                max_iter=None, normalize=False, random_state=123, solver='auto',
                tol=0.001), probability_threshold=None, encoded_labels=False, raw_score=False, round=4, verbose=True, ml_usecase=MLUsecase.CLASSIFICATION, display=None)
2021-12-13 22:04:36,930:INFO:Checking exceptions
2021-12-13 22:04:36,930:INFO:Preloading libraries
2021-12-13 22:04:36,930:INFO:Preparing display monitor
